2019:06:03 14:40:45.644 INFO  --- [RMI TCP Connection(7)-127.0.0.1] o.s.b.a.SpringApplicationAdminMXBeanRegistrar$SpringApplicationAdmin : Application shutdown requested. 
2019:06:03 14:40:45.647 INFO  --- [RMI TCP Connection(7)-127.0.0.1] o.s.s.c.ThreadPoolTaskExecutor : Shutting down ExecutorService 'applicationTaskExecutor' 
2019:06:03 14:40:45.647 INFO  --- [RMI TCP Connection(7)-127.0.0.1] o.s.o.j.LocalContainerEntityManagerFactoryBean : Closing JPA EntityManagerFactory for persistence unit 'default' 
2019:06:03 14:40:45.647 DEBUG --- [RMI TCP Connection(7)-127.0.0.1] o.h.internal.SessionFactoryImpl : HHH000031: Closing 
2019:06:03 14:40:45.648 DEBUG --- [RMI TCP Connection(7)-127.0.0.1] o.h.t.spi.TypeConfiguration$Scope : Un-scoping TypeConfiguration [org.hibernate.type.spi.TypeConfiguration$Scope@2b4de9e3] from SessionFactory [org.hibernate.internal.SessionFactoryImpl@fc72592] 
2019:06:03 14:40:45.649 DEBUG --- [RMI TCP Connection(7)-127.0.0.1] o.h.s.i.AbstractServiceRegistryImpl : Implicitly destroying ServiceRegistry on de-registration of all child ServiceRegistries 
2019:06:03 14:40:45.649 DEBUG --- [RMI TCP Connection(7)-127.0.0.1] o.h.b.r.i.BootstrapServiceRegistryImpl : Implicitly destroying Boot-strap registry on de-registration of all child ServiceRegistries 
2019:06:03 14:40:45.650 INFO  --- [RMI TCP Connection(7)-127.0.0.1] com.zaxxer.hikari.HikariDataSource : testdb - Shutdown initiated... 
2019:06:03 14:40:45.862 INFO  --- [RMI TCP Connection(7)-127.0.0.1] com.zaxxer.hikari.HikariDataSource : testdb - Shutdown completed. 
2019:06:03 14:40:50.010 DEBUG --- [background-preinit] o.h.v.m.ResourceBundleMessageInterpolator : Loaded expression factory via original TCCL 
2019:06:03 14:40:50.016 DEBUG --- [background-preinit] o.h.v.i.engine.ValidatorFactoryImpl : HV000234: Using org.hibernate.validator.messageinterpolation.ResourceBundleMessageInterpolator as ValidatorFactory-scoped message interpolator. 
2019:06:03 14:40:50.016 DEBUG --- [background-preinit] o.h.v.i.engine.ValidatorFactoryImpl : HV000234: Using org.hibernate.validator.internal.engine.resolver.JPATraversableResolver as ValidatorFactory-scoped traversable resolver. 
2019:06:03 14:40:50.016 DEBUG --- [background-preinit] o.h.v.i.engine.ValidatorFactoryImpl : HV000234: Using org.hibernate.validator.internal.util.ExecutableParameterNameProvider as ValidatorFactory-scoped parameter name provider. 
2019:06:03 14:40:50.017 DEBUG --- [background-preinit] o.h.v.i.engine.ValidatorFactoryImpl : HV000234: Using org.hibernate.validator.internal.engine.DefaultClockProvider as ValidatorFactory-scoped clock provider. 
2019:06:03 14:40:50.017 DEBUG --- [background-preinit] o.h.v.i.engine.ValidatorFactoryImpl : HV000234: Using org.hibernate.validator.internal.engine.scripting.DefaultScriptEvaluatorFactory as ValidatorFactory-scoped script evaluator factory. 
2019:06:03 14:40:50.042 INFO  --- [restartedMain] org.godseop.apple.AppleApplication : Starting AppleApplication on mcahn-PC with PID 33496 (started by mcahn in E:\내 문서\git\apple) 
2019:06:03 14:40:50.042 DEBUG --- [restartedMain] org.godseop.apple.AppleApplication : Running with Spring Boot v2.1.5.RELEASE, Spring v5.1.7.RELEASE 
2019:06:03 14:40:50.043 INFO  --- [restartedMain] org.godseop.apple.AppleApplication : No active profile set, falling back to default profiles: default 
2019:06:03 14:40:50.069 INFO  --- [restartedMain] o.s.b.d.e.DevToolsPropertyDefaultsPostProcessor : Devtools property defaults active! Set 'spring.devtools.add-properties' to 'false' to disable 
2019:06:03 14:40:50.069 INFO  --- [restartedMain] o.s.b.d.e.DevToolsPropertyDefaultsPostProcessor : For additional web related logging consider setting the 'logging.level.web' property to 'DEBUG' 
2019:06:03 14:40:50.631 INFO  --- [restartedMain] o.s.d.r.c.RepositoryConfigurationDelegate : Bootstrapping Spring Data repositories in DEFAULT mode. 
2019:06:03 14:40:50.675 INFO  --- [restartedMain] o.s.d.r.c.RepositoryConfigurationDelegate : Finished Spring Data repository scanning in 40ms. Found 1 repository interfaces. 
2019:06:03 14:40:50.930 INFO  --- [restartedMain] o.s.c.s.PostProcessorRegistrationDelegate$BeanPostProcessorChecker : Bean 'org.springframework.transaction.annotation.ProxyTransactionManagementConfiguration' of type [org.springframework.transaction.annotation.ProxyTransactionManagementConfiguration$$EnhancerBySpringCGLIB$$4ef5d902] is not eligible for getting processed by all BeanPostProcessors (for example: not eligible for auto-proxying) 
2019:06:03 14:40:51.189 INFO  --- [restartedMain] o.s.b.w.e.tomcat.TomcatWebServer : Tomcat initialized with port(s): 8080 (http) 
2019:06:03 14:40:51.200 INFO  --- [restartedMain] o.a.coyote.http11.Http11NioProtocol : Initializing ProtocolHandler ["http-nio-8080"] 
2019:06:03 14:40:51.208 INFO  --- [restartedMain] o.a.catalina.core.StandardService : Starting service [Tomcat] 
2019:06:03 14:40:51.208 INFO  --- [restartedMain] o.a.catalina.core.StandardEngine : Starting Servlet engine: [Apache Tomcat/9.0.19] 
2019:06:03 14:40:51.390 INFO  --- [restartedMain] o.apache.jasper.servlet.TldScanner : At least one JAR was scanned for TLDs yet contained no TLDs. Enable debug logging for this logger for a complete list of JARs that were scanned but no TLDs were found in them. Skipping unneeded JARs during scanning can improve startup time and JSP compilation time. 
2019:06:03 14:40:51.397 INFO  --- [restartedMain] o.a.c.c.C.[.[localhost].[/apple] : Initializing Spring embedded WebApplicationContext 
2019:06:03 14:40:51.397 INFO  --- [restartedMain] o.s.web.context.ContextLoader : Root WebApplicationContext: initialization completed in 1327 ms 
2019:06:03 14:40:51.485 INFO  --- [restartedMain] com.zaxxer.hikari.HikariDataSource : testdb - Starting... 
2019:06:03 14:40:51.629 INFO  --- [restartedMain] com.zaxxer.hikari.HikariDataSource : testdb - Start completed. 
2019:06:03 14:40:51.638 DEBUG --- [restartedMain] jdbc.sqltiming :  com.zaxxer.hikari.pool.ProxyStatement.execute(ProxyStatement.java:95)
1. DROP TABLE IF EXISTS USERS
 {executed in 2 msec} 
2019:06:03 14:40:51.640 DEBUG --- [restartedMain] jdbc.sqltiming :  com.zaxxer.hikari.pool.ProxyStatement.execute(ProxyStatement.java:95)
1. CREATE TABLE USERS (SEQ INT PRIMARY KEY AUTO_INCREMENT, ID VARCHAR, NAME VARCHAR)
 {executed in 2 msec} 
2019:06:03 14:40:51.641 DEBUG --- [restartedMain] jdbc.sqltiming :  com.zaxxer.hikari.pool.ProxyStatement.execute(ProxyStatement.java:95)
1. INSERT INTO USERS (ID, NAME) VALUES ('godseop', '임행섭')
 {executed in 1 msec} 
2019:06:03 14:40:51.642 DEBUG --- [restartedMain] jdbc.sqltiming :  com.zaxxer.hikari.pool.ProxyStatement.execute(ProxyStatement.java:95)
1. INSERT INTO USERS (ID, NAME) VALUES ('springboot', '스프링부트')
 {executed in 1 msec} 
2019:06:03 14:40:51.642 DEBUG --- [restartedMain] jdbc.sqltiming :  com.zaxxer.hikari.pool.ProxyStatement.execute(ProxyStatement.java:95)
1. INSERT INTO USERS (ID, NAME) VALUES ('maven', '메이븐')
 {executed in 0 msec} 
2019:06:03 14:40:51.643 DEBUG --- [restartedMain] jdbc.sqltiming :  com.zaxxer.hikari.pool.ProxyStatement.execute(ProxyStatement.java:95)
1. INSERT INTO USERS (ID, NAME) VALUES ('mybatis', '마이바티스')
 {executed in 0 msec} 
2019:06:03 14:40:51.679 INFO  --- [restartedMain] o.s.b.d.a.OptionalLiveReloadServer : LiveReload server is running on port 35729 
2019:06:03 14:40:51.753 DEBUG --- [restartedMain] o.h.jpa.internal.util.LogHelper : PersistenceUnitInfo [
	name: default
	persistence provider classname: null
	classloader: org.springframework.boot.devtools.restart.classloader.RestartClassLoader@90bc6a1
	excludeUnlistedClasses: true
	JTA datasource: null
	Non JTA datasource: HikariDataSource (testdb)
	Transaction type: RESOURCE_LOCAL
	PU root URL: file:/E:/내%20문서/git/apple/target/classes/
	Shared Cache Mode: UNSPECIFIED
	Validation Mode: AUTO
	Jar files URLs []
	Managed classes names [
		org.godseop.apple.model.User]
	Mapping files names []
	Properties [] 
2019:06:03 14:40:51.760 DEBUG --- [restartedMain] o.h.i.i.IntegratorServiceImpl : Adding Integrator [org.hibernate.cfg.beanvalidation.BeanValidationIntegrator]. 
2019:06:03 14:40:51.762 DEBUG --- [restartedMain] o.h.i.i.IntegratorServiceImpl : Adding Integrator [org.hibernate.secure.spi.JaccIntegrator]. 
2019:06:03 14:40:51.763 DEBUG --- [restartedMain] o.h.i.i.IntegratorServiceImpl : Adding Integrator [org.hibernate.cache.internal.CollectionCacheInvalidator]. 
2019:06:03 14:40:51.801 INFO  --- [restartedMain] org.hibernate.Version : HHH000412: Hibernate Core {5.3.10.Final} 
2019:06:03 14:40:51.803 INFO  --- [restartedMain] org.hibernate.cfg.Environment : HHH000206: hibernate.properties not found 
2019:06:03 14:40:51.866 DEBUG --- [restartedMain] o.h.service.spi.ServiceBinding : Overriding existing service binding [org.hibernate.secure.spi.JaccService] 
2019:06:03 14:40:51.880 DEBUG --- [restartedMain] o.h.c.i.RegionFactoryInitiator : Cannot default RegionFactory based on registered strategies as `[]` RegionFactory strategies were registered 
2019:06:03 14:40:51.880 DEBUG --- [restartedMain] o.h.c.i.RegionFactoryInitiator : Cache region factory : org.hibernate.cache.internal.NoCachingRegionFactory 
2019:06:03 14:40:51.888 INFO  --- [restartedMain] o.h.annotations.common.Version : HCANN000001: Hibernate Commons Annotations {5.0.4.Final} 
2019:06:03 14:40:51.905 DEBUG --- [restartedMain] o.hibernate.type.BasicTypeRegistry : Adding type registration boolean -> org.hibernate.type.BooleanType@4e2f4d3a 
2019:06:03 14:40:51.905 DEBUG --- [restartedMain] o.hibernate.type.BasicTypeRegistry : Adding type registration boolean -> org.hibernate.type.BooleanType@4e2f4d3a 
2019:06:03 14:40:51.905 DEBUG --- [restartedMain] o.hibernate.type.BasicTypeRegistry : Adding type registration java.lang.Boolean -> org.hibernate.type.BooleanType@4e2f4d3a 
2019:06:03 14:40:51.905 DEBUG --- [restartedMain] o.hibernate.type.BasicTypeRegistry : Adding type registration numeric_boolean -> org.hibernate.type.NumericBooleanType@30fa288c 
2019:06:03 14:40:51.906 DEBUG --- [restartedMain] o.hibernate.type.BasicTypeRegistry : Adding type registration true_false -> org.hibernate.type.TrueFalseType@6ed00657 
2019:06:03 14:40:51.906 DEBUG --- [restartedMain] o.hibernate.type.BasicTypeRegistry : Adding type registration yes_no -> org.hibernate.type.YesNoType@1500b4b4 
2019:06:03 14:40:51.907 DEBUG --- [restartedMain] o.hibernate.type.BasicTypeRegistry : Adding type registration byte -> org.hibernate.type.ByteType@6cbc1a1d 
2019:06:03 14:40:51.907 DEBUG --- [restartedMain] o.hibernate.type.BasicTypeRegistry : Adding type registration byte -> org.hibernate.type.ByteType@6cbc1a1d 
2019:06:03 14:40:51.907 DEBUG --- [restartedMain] o.hibernate.type.BasicTypeRegistry : Adding type registration java.lang.Byte -> org.hibernate.type.ByteType@6cbc1a1d 
2019:06:03 14:40:51.908 DEBUG --- [restartedMain] o.hibernate.type.BasicTypeRegistry : Adding type registration character -> org.hibernate.type.CharacterType@6bc64f50 
2019:06:03 14:40:51.908 DEBUG --- [restartedMain] o.hibernate.type.BasicTypeRegistry : Adding type registration char -> org.hibernate.type.CharacterType@6bc64f50 
2019:06:03 14:40:51.908 DEBUG --- [restartedMain] o.hibernate.type.BasicTypeRegistry : Adding type registration java.lang.Character -> org.hibernate.type.CharacterType@6bc64f50 
2019:06:03 14:40:51.909 DEBUG --- [restartedMain] o.hibernate.type.BasicTypeRegistry : Adding type registration short -> org.hibernate.type.ShortType@72d416bf 
2019:06:03 14:40:51.909 DEBUG --- [restartedMain] o.hibernate.type.BasicTypeRegistry : Adding type registration short -> org.hibernate.type.ShortType@72d416bf 
2019:06:03 14:40:51.910 DEBUG --- [restartedMain] o.hibernate.type.BasicTypeRegistry : Adding type registration java.lang.Short -> org.hibernate.type.ShortType@72d416bf 
2019:06:03 14:40:51.910 DEBUG --- [restartedMain] o.hibernate.type.BasicTypeRegistry : Adding type registration integer -> org.hibernate.type.IntegerType@5e95aed6 
2019:06:03 14:40:51.910 DEBUG --- [restartedMain] o.hibernate.type.BasicTypeRegistry : Adding type registration int -> org.hibernate.type.IntegerType@5e95aed6 
2019:06:03 14:40:51.910 DEBUG --- [restartedMain] o.hibernate.type.BasicTypeRegistry : Adding type registration java.lang.Integer -> org.hibernate.type.IntegerType@5e95aed6 
2019:06:03 14:40:51.911 DEBUG --- [restartedMain] o.hibernate.type.BasicTypeRegistry : Adding type registration long -> org.hibernate.type.LongType@38cd6ed6 
2019:06:03 14:40:51.911 DEBUG --- [restartedMain] o.hibernate.type.BasicTypeRegistry : Adding type registration long -> org.hibernate.type.LongType@38cd6ed6 
2019:06:03 14:40:51.911 DEBUG --- [restartedMain] o.hibernate.type.BasicTypeRegistry : Adding type registration java.lang.Long -> org.hibernate.type.LongType@38cd6ed6 
2019:06:03 14:40:51.912 DEBUG --- [restartedMain] o.hibernate.type.BasicTypeRegistry : Adding type registration float -> org.hibernate.type.FloatType@6adc5bda 
2019:06:03 14:40:51.912 DEBUG --- [restartedMain] o.hibernate.type.BasicTypeRegistry : Adding type registration float -> org.hibernate.type.FloatType@6adc5bda 
2019:06:03 14:40:51.912 DEBUG --- [restartedMain] o.hibernate.type.BasicTypeRegistry : Adding type registration java.lang.Float -> org.hibernate.type.FloatType@6adc5bda 
2019:06:03 14:40:51.913 DEBUG --- [restartedMain] o.hibernate.type.BasicTypeRegistry : Adding type registration double -> org.hibernate.type.DoubleType@11ad10d4 
2019:06:03 14:40:51.913 DEBUG --- [restartedMain] o.hibernate.type.BasicTypeRegistry : Adding type registration double -> org.hibernate.type.DoubleType@11ad10d4 
2019:06:03 14:40:51.913 DEBUG --- [restartedMain] o.hibernate.type.BasicTypeRegistry : Adding type registration java.lang.Double -> org.hibernate.type.DoubleType@11ad10d4 
2019:06:03 14:40:51.914 DEBUG --- [restartedMain] o.hibernate.type.BasicTypeRegistry : Adding type registration big_decimal -> org.hibernate.type.BigDecimalType@56db861e 
2019:06:03 14:40:51.914 DEBUG --- [restartedMain] o.hibernate.type.BasicTypeRegistry : Adding type registration java.math.BigDecimal -> org.hibernate.type.BigDecimalType@56db861e 
2019:06:03 14:40:51.915 DEBUG --- [restartedMain] o.hibernate.type.BasicTypeRegistry : Adding type registration big_integer -> org.hibernate.type.BigIntegerType@83a539b 
2019:06:03 14:40:51.915 DEBUG --- [restartedMain] o.hibernate.type.BasicTypeRegistry : Adding type registration java.math.BigInteger -> org.hibernate.type.BigIntegerType@83a539b 
2019:06:03 14:40:51.916 DEBUG --- [restartedMain] o.hibernate.type.BasicTypeRegistry : Adding type registration string -> org.hibernate.type.StringType@10d14377 
2019:06:03 14:40:51.916 DEBUG --- [restartedMain] o.hibernate.type.BasicTypeRegistry : Adding type registration java.lang.String -> org.hibernate.type.StringType@10d14377 
2019:06:03 14:40:51.917 DEBUG --- [restartedMain] o.hibernate.type.BasicTypeRegistry : Adding type registration nstring -> org.hibernate.type.StringNVarcharType@2b4edb91 
2019:06:03 14:40:51.917 DEBUG --- [restartedMain] o.hibernate.type.BasicTypeRegistry : Adding type registration ncharacter -> org.hibernate.type.CharacterNCharType@6f393ce1 
2019:06:03 14:40:51.918 DEBUG --- [restartedMain] o.hibernate.type.BasicTypeRegistry : Adding type registration url -> org.hibernate.type.UrlType@5a27f787 
2019:06:03 14:40:51.918 DEBUG --- [restartedMain] o.hibernate.type.BasicTypeRegistry : Adding type registration java.net.URL -> org.hibernate.type.UrlType@5a27f787 
2019:06:03 14:40:51.919 DEBUG --- [restartedMain] o.hibernate.type.BasicTypeRegistry : Adding type registration Duration -> org.hibernate.type.DurationType@5978d241 
2019:06:03 14:40:51.919 DEBUG --- [restartedMain] o.hibernate.type.BasicTypeRegistry : Adding type registration java.time.Duration -> org.hibernate.type.DurationType@5978d241 
2019:06:03 14:40:51.921 DEBUG --- [restartedMain] o.hibernate.type.BasicTypeRegistry : Adding type registration Instant -> org.hibernate.type.InstantType@f5be86 
2019:06:03 14:40:51.921 DEBUG --- [restartedMain] o.hibernate.type.BasicTypeRegistry : Adding type registration java.time.Instant -> org.hibernate.type.InstantType@f5be86 
2019:06:03 14:40:51.922 DEBUG --- [restartedMain] o.hibernate.type.BasicTypeRegistry : Adding type registration LocalDateTime -> org.hibernate.type.LocalDateTimeType@50a4340b 
2019:06:03 14:40:51.922 DEBUG --- [restartedMain] o.hibernate.type.BasicTypeRegistry : Adding type registration java.time.LocalDateTime -> org.hibernate.type.LocalDateTimeType@50a4340b 
2019:06:03 14:40:51.923 DEBUG --- [restartedMain] o.hibernate.type.BasicTypeRegistry : Adding type registration LocalDate -> org.hibernate.type.LocalDateType@277ebb0b 
2019:06:03 14:40:51.923 DEBUG --- [restartedMain] o.hibernate.type.BasicTypeRegistry : Adding type registration java.time.LocalDate -> org.hibernate.type.LocalDateType@277ebb0b 
2019:06:03 14:40:51.924 DEBUG --- [restartedMain] o.hibernate.type.BasicTypeRegistry : Adding type registration LocalTime -> org.hibernate.type.LocalTimeType@51fc506f 
2019:06:03 14:40:51.924 DEBUG --- [restartedMain] o.hibernate.type.BasicTypeRegistry : Adding type registration java.time.LocalTime -> org.hibernate.type.LocalTimeType@51fc506f 
2019:06:03 14:40:51.926 DEBUG --- [restartedMain] o.hibernate.type.BasicTypeRegistry : Adding type registration OffsetDateTime -> org.hibernate.type.OffsetDateTimeType@3e230df1 
2019:06:03 14:40:51.926 DEBUG --- [restartedMain] o.hibernate.type.BasicTypeRegistry : Adding type registration java.time.OffsetDateTime -> org.hibernate.type.OffsetDateTimeType@3e230df1 
2019:06:03 14:40:51.927 DEBUG --- [restartedMain] o.hibernate.type.BasicTypeRegistry : Adding type registration OffsetTime -> org.hibernate.type.OffsetTimeType@51dd756d 
2019:06:03 14:40:51.927 DEBUG --- [restartedMain] o.hibernate.type.BasicTypeRegistry : Adding type registration java.time.OffsetTime -> org.hibernate.type.OffsetTimeType@51dd756d 
2019:06:03 14:40:51.928 DEBUG --- [restartedMain] o.hibernate.type.BasicTypeRegistry : Adding type registration ZonedDateTime -> org.hibernate.type.ZonedDateTimeType@609f7c6b 
2019:06:03 14:40:51.928 DEBUG --- [restartedMain] o.hibernate.type.BasicTypeRegistry : Adding type registration java.time.ZonedDateTime -> org.hibernate.type.ZonedDateTimeType@609f7c6b 
2019:06:03 14:40:51.929 DEBUG --- [restartedMain] o.hibernate.type.BasicTypeRegistry : Adding type registration date -> org.hibernate.type.DateType@6107c98c 
2019:06:03 14:40:51.930 DEBUG --- [restartedMain] o.hibernate.type.BasicTypeRegistry : Adding type registration java.sql.Date -> org.hibernate.type.DateType@6107c98c 
2019:06:03 14:40:51.931 DEBUG --- [restartedMain] o.hibernate.type.BasicTypeRegistry : Adding type registration time -> org.hibernate.type.TimeType@35ebf1c8 
2019:06:03 14:40:51.931 DEBUG --- [restartedMain] o.hibernate.type.BasicTypeRegistry : Adding type registration java.sql.Time -> org.hibernate.type.TimeType@35ebf1c8 
2019:06:03 14:40:51.933 DEBUG --- [restartedMain] o.hibernate.type.BasicTypeRegistry : Adding type registration timestamp -> org.hibernate.type.TimestampType@4996e5fc 
2019:06:03 14:40:51.933 DEBUG --- [restartedMain] o.hibernate.type.BasicTypeRegistry : Adding type registration java.sql.Timestamp -> org.hibernate.type.TimestampType@4996e5fc 
2019:06:03 14:40:51.933 DEBUG --- [restartedMain] o.hibernate.type.BasicTypeRegistry : Adding type registration java.util.Date -> org.hibernate.type.TimestampType@4996e5fc 
2019:06:03 14:40:51.934 DEBUG --- [restartedMain] o.hibernate.type.BasicTypeRegistry : Adding type registration dbtimestamp -> org.hibernate.type.DbTimestampType@3487b5eb 
2019:06:03 14:40:51.935 DEBUG --- [restartedMain] o.hibernate.type.BasicTypeRegistry : Adding type registration calendar -> org.hibernate.type.CalendarType@13da3875 
2019:06:03 14:40:51.935 DEBUG --- [restartedMain] o.hibernate.type.BasicTypeRegistry : Adding type registration java.util.Calendar -> org.hibernate.type.CalendarType@13da3875 
2019:06:03 14:40:51.935 DEBUG --- [restartedMain] o.hibernate.type.BasicTypeRegistry : Adding type registration java.util.GregorianCalendar -> org.hibernate.type.CalendarType@13da3875 
2019:06:03 14:40:51.936 DEBUG --- [restartedMain] o.hibernate.type.BasicTypeRegistry : Adding type registration calendar_date -> org.hibernate.type.CalendarDateType@5cb0e79a 
2019:06:03 14:40:51.937 DEBUG --- [restartedMain] o.hibernate.type.BasicTypeRegistry : Adding type registration locale -> org.hibernate.type.LocaleType@498ae443 
2019:06:03 14:40:51.937 DEBUG --- [restartedMain] o.hibernate.type.BasicTypeRegistry : Adding type registration java.util.Locale -> org.hibernate.type.LocaleType@498ae443 
2019:06:03 14:40:51.938 DEBUG --- [restartedMain] o.hibernate.type.BasicTypeRegistry : Adding type registration currency -> org.hibernate.type.CurrencyType@2c31ce74 
2019:06:03 14:40:51.938 DEBUG --- [restartedMain] o.hibernate.type.BasicTypeRegistry : Adding type registration java.util.Currency -> org.hibernate.type.CurrencyType@2c31ce74 
2019:06:03 14:40:51.939 DEBUG --- [restartedMain] o.hibernate.type.BasicTypeRegistry : Adding type registration timezone -> org.hibernate.type.TimeZoneType@539e7bb0 
2019:06:03 14:40:51.939 DEBUG --- [restartedMain] o.hibernate.type.BasicTypeRegistry : Adding type registration java.util.TimeZone -> org.hibernate.type.TimeZoneType@539e7bb0 
2019:06:03 14:40:51.940 DEBUG --- [restartedMain] o.hibernate.type.BasicTypeRegistry : Adding type registration class -> org.hibernate.type.ClassType@b4e60b6 
2019:06:03 14:40:51.940 DEBUG --- [restartedMain] o.hibernate.type.BasicTypeRegistry : Adding type registration java.lang.Class -> org.hibernate.type.ClassType@b4e60b6 
2019:06:03 14:40:51.941 DEBUG --- [restartedMain] o.hibernate.type.BasicTypeRegistry : Adding type registration uuid-binary -> org.hibernate.type.UUIDBinaryType@d806dd4 
2019:06:03 14:40:51.941 DEBUG --- [restartedMain] o.hibernate.type.BasicTypeRegistry : Adding type registration java.util.UUID -> org.hibernate.type.UUIDBinaryType@d806dd4 
2019:06:03 14:40:51.941 DEBUG --- [restartedMain] o.hibernate.type.BasicTypeRegistry : Adding type registration uuid-char -> org.hibernate.type.UUIDCharType@6abf311c 
2019:06:03 14:40:51.942 DEBUG --- [restartedMain] o.hibernate.type.BasicTypeRegistry : Adding type registration binary -> org.hibernate.type.BinaryType@10aa9d93 
2019:06:03 14:40:51.943 DEBUG --- [restartedMain] o.hibernate.type.BasicTypeRegistry : Adding type registration byte[] -> org.hibernate.type.BinaryType@10aa9d93 
2019:06:03 14:40:51.943 DEBUG --- [restartedMain] o.hibernate.type.BasicTypeRegistry : Adding type registration [B -> org.hibernate.type.BinaryType@10aa9d93 
2019:06:03 14:40:51.944 DEBUG --- [restartedMain] o.hibernate.type.BasicTypeRegistry : Adding type registration wrapper-binary -> org.hibernate.type.WrapperBinaryType@793ba34e 
2019:06:03 14:40:51.944 DEBUG --- [restartedMain] o.hibernate.type.BasicTypeRegistry : Adding type registration Byte[] -> org.hibernate.type.WrapperBinaryType@793ba34e 
2019:06:03 14:40:51.944 DEBUG --- [restartedMain] o.hibernate.type.BasicTypeRegistry : Adding type registration [Ljava.lang.Byte; -> org.hibernate.type.WrapperBinaryType@793ba34e 
2019:06:03 14:40:51.945 DEBUG --- [restartedMain] o.hibernate.type.BasicTypeRegistry : Adding type registration row_version -> org.hibernate.type.RowVersionType@14edbed5 
2019:06:03 14:40:51.945 DEBUG --- [restartedMain] o.hibernate.type.BasicTypeRegistry : Adding type registration image -> org.hibernate.type.ImageType@39e2cafc 
2019:06:03 14:40:51.946 DEBUG --- [restartedMain] o.hibernate.type.BasicTypeRegistry : Adding type registration characters -> org.hibernate.type.CharArrayType@738e1c86 
2019:06:03 14:40:51.946 DEBUG --- [restartedMain] o.hibernate.type.BasicTypeRegistry : Adding type registration char[] -> org.hibernate.type.CharArrayType@738e1c86 
2019:06:03 14:40:51.946 DEBUG --- [restartedMain] o.hibernate.type.BasicTypeRegistry : Adding type registration [C -> org.hibernate.type.CharArrayType@738e1c86 
2019:06:03 14:40:51.947 DEBUG --- [restartedMain] o.hibernate.type.BasicTypeRegistry : Adding type registration wrapper-characters -> org.hibernate.type.CharacterArrayType@7ecaeb59 
2019:06:03 14:40:51.948 DEBUG --- [restartedMain] o.hibernate.type.BasicTypeRegistry : Adding type registration [Ljava.lang.Character; -> org.hibernate.type.CharacterArrayType@7ecaeb59 
2019:06:03 14:40:51.948 DEBUG --- [restartedMain] o.hibernate.type.BasicTypeRegistry : Adding type registration Character[] -> org.hibernate.type.CharacterArrayType@7ecaeb59 
2019:06:03 14:40:51.948 DEBUG --- [restartedMain] o.hibernate.type.BasicTypeRegistry : Adding type registration text -> org.hibernate.type.TextType@49d392a5 
2019:06:03 14:40:51.948 DEBUG --- [restartedMain] o.hibernate.type.BasicTypeRegistry : Adding type registration ntext -> org.hibernate.type.NTextType@17df155b 
2019:06:03 14:40:51.949 DEBUG --- [restartedMain] o.hibernate.type.BasicTypeRegistry : Adding type registration blob -> org.hibernate.type.BlobType@39b0c497 
2019:06:03 14:40:51.950 DEBUG --- [restartedMain] o.hibernate.type.BasicTypeRegistry : Adding type registration java.sql.Blob -> org.hibernate.type.BlobType@39b0c497 
2019:06:03 14:40:51.950 DEBUG --- [restartedMain] o.hibernate.type.BasicTypeRegistry : Adding type registration materialized_blob -> org.hibernate.type.MaterializedBlobType@28196c52 
2019:06:03 14:40:51.951 DEBUG --- [restartedMain] o.hibernate.type.BasicTypeRegistry : Adding type registration clob -> org.hibernate.type.ClobType@19736255 
2019:06:03 14:40:51.951 DEBUG --- [restartedMain] o.hibernate.type.BasicTypeRegistry : Adding type registration java.sql.Clob -> org.hibernate.type.ClobType@19736255 
2019:06:03 14:40:51.952 DEBUG --- [restartedMain] o.hibernate.type.BasicTypeRegistry : Adding type registration nclob -> org.hibernate.type.NClobType@268d3161 
2019:06:03 14:40:51.952 DEBUG --- [restartedMain] o.hibernate.type.BasicTypeRegistry : Adding type registration java.sql.NClob -> org.hibernate.type.NClobType@268d3161 
2019:06:03 14:40:51.953 DEBUG --- [restartedMain] o.hibernate.type.BasicTypeRegistry : Adding type registration materialized_clob -> org.hibernate.type.MaterializedClobType@48b275de 
2019:06:03 14:40:51.953 DEBUG --- [restartedMain] o.hibernate.type.BasicTypeRegistry : Adding type registration materialized_nclob -> org.hibernate.type.MaterializedNClobType@67e9df86 
2019:06:03 14:40:51.954 DEBUG --- [restartedMain] o.hibernate.type.BasicTypeRegistry : Adding type registration serializable -> org.hibernate.type.SerializableType@2bc8a027 
2019:06:03 14:40:51.957 DEBUG --- [restartedMain] o.hibernate.type.BasicTypeRegistry : Adding type registration object -> org.hibernate.type.ObjectType@43891b8c 
2019:06:03 14:40:51.957 DEBUG --- [restartedMain] o.hibernate.type.BasicTypeRegistry : Adding type registration java.lang.Object -> org.hibernate.type.ObjectType@43891b8c 
2019:06:03 14:40:51.958 DEBUG --- [restartedMain] o.hibernate.type.BasicTypeRegistry : Adding type registration imm_date -> org.hibernate.type.AdaptedImmutableType@1e01f7a0 
2019:06:03 14:40:51.958 DEBUG --- [restartedMain] o.hibernate.type.BasicTypeRegistry : Adding type registration imm_time -> org.hibernate.type.AdaptedImmutableType@764c1e2a 
2019:06:03 14:40:51.958 DEBUG --- [restartedMain] o.hibernate.type.BasicTypeRegistry : Adding type registration imm_timestamp -> org.hibernate.type.AdaptedImmutableType@1d2f16 
2019:06:03 14:40:51.958 DEBUG --- [restartedMain] o.hibernate.type.BasicTypeRegistry : Adding type registration imm_dbtimestamp -> org.hibernate.type.AdaptedImmutableType@6bf60452 
2019:06:03 14:40:51.958 DEBUG --- [restartedMain] o.hibernate.type.BasicTypeRegistry : Adding type registration imm_calendar -> org.hibernate.type.AdaptedImmutableType@7a5b427b 
2019:06:03 14:40:51.958 DEBUG --- [restartedMain] o.hibernate.type.BasicTypeRegistry : Adding type registration imm_calendar_date -> org.hibernate.type.AdaptedImmutableType@6c70be54 
2019:06:03 14:40:51.958 DEBUG --- [restartedMain] o.hibernate.type.BasicTypeRegistry : Adding type registration imm_binary -> org.hibernate.type.AdaptedImmutableType@5fc5953 
2019:06:03 14:40:51.958 DEBUG --- [restartedMain] o.hibernate.type.BasicTypeRegistry : Adding type registration imm_serializable -> org.hibernate.type.AdaptedImmutableType@5ef3192a 
2019:06:03 14:40:51.963 DEBUG --- [restartedMain] o.h.b.internal.BootstrapContextImpl : Injecting JPA temp ClassLoader [org.springframework.instrument.classloading.SimpleThrowawayClassLoader@5f4a7a08] into BootstrapContext; was [null] 
2019:06:03 14:40:51.963 DEBUG --- [restartedMain] o.h.b.i.ClassLoaderAccessImpl : ClassLoaderAccessImpl#injectTempClassLoader(org.springframework.instrument.classloading.SimpleThrowawayClassLoader@5f4a7a08) [was null] 
2019:06:03 14:40:51.964 DEBUG --- [restartedMain] o.h.b.internal.BootstrapContextImpl : Injecting ScanEnvironment [org.hibernate.jpa.boot.internal.StandardJpaScanEnvironmentImpl@75bbe9a] into BootstrapContext; was [null] 
2019:06:03 14:40:51.964 DEBUG --- [restartedMain] o.h.b.internal.BootstrapContextImpl : Injecting ScanOptions [org.hibernate.boot.archive.scan.internal.StandardScanOptions@1170f96] into BootstrapContext; was [org.hibernate.boot.archive.scan.internal.StandardScanOptions@22ddfd1b] 
2019:06:03 14:40:51.989 DEBUG --- [restartedMain] o.h.b.internal.BootstrapContextImpl : Injecting JPA temp ClassLoader [null] into BootstrapContext; was [org.springframework.instrument.classloading.SimpleThrowawayClassLoader@5f4a7a08] 
2019:06:03 14:40:51.989 DEBUG --- [restartedMain] o.h.b.i.ClassLoaderAccessImpl : ClassLoaderAccessImpl#injectTempClassLoader(null) [was org.springframework.instrument.classloading.SimpleThrowawayClassLoader@5f4a7a08] 
2019:06:03 14:40:51.994 DEBUG --- [restartedMain] o.h.i.f.i.DefaultIdentifierGeneratorFactory : Registering IdentifierGenerator strategy [uuid2] -> [org.hibernate.id.UUIDGenerator] 
2019:06:03 14:40:51.994 DEBUG --- [restartedMain] o.h.i.f.i.DefaultIdentifierGeneratorFactory : Registering IdentifierGenerator strategy [guid] -> [org.hibernate.id.GUIDGenerator] 
2019:06:03 14:40:51.995 DEBUG --- [restartedMain] o.h.i.f.i.DefaultIdentifierGeneratorFactory : Registering IdentifierGenerator strategy [uuid] -> [org.hibernate.id.UUIDHexGenerator] 
2019:06:03 14:40:51.995 DEBUG --- [restartedMain] o.h.i.f.i.DefaultIdentifierGeneratorFactory : Registering IdentifierGenerator strategy [uuid.hex] -> [org.hibernate.id.UUIDHexGenerator] 
2019:06:03 14:40:51.995 DEBUG --- [restartedMain] o.h.i.f.i.DefaultIdentifierGeneratorFactory : Registering IdentifierGenerator strategy [assigned] -> [org.hibernate.id.Assigned] 
2019:06:03 14:40:51.996 DEBUG --- [restartedMain] o.h.i.f.i.DefaultIdentifierGeneratorFactory : Registering IdentifierGenerator strategy [identity] -> [org.hibernate.id.IdentityGenerator] 
2019:06:03 14:40:51.996 DEBUG --- [restartedMain] o.h.i.f.i.DefaultIdentifierGeneratorFactory : Registering IdentifierGenerator strategy [select] -> [org.hibernate.id.SelectGenerator] 
2019:06:03 14:40:51.997 DEBUG --- [restartedMain] o.h.i.f.i.DefaultIdentifierGeneratorFactory : Registering IdentifierGenerator strategy [sequence] -> [org.hibernate.id.enhanced.SequenceStyleGenerator] 
2019:06:03 14:40:51.997 DEBUG --- [restartedMain] o.h.i.f.i.DefaultIdentifierGeneratorFactory : Registering IdentifierGenerator strategy [seqhilo] -> [org.hibernate.id.SequenceHiLoGenerator] 
2019:06:03 14:40:51.998 DEBUG --- [restartedMain] o.h.i.f.i.DefaultIdentifierGeneratorFactory : Registering IdentifierGenerator strategy [increment] -> [org.hibernate.id.IncrementGenerator] 
2019:06:03 14:40:51.998 DEBUG --- [restartedMain] o.h.i.f.i.DefaultIdentifierGeneratorFactory : Registering IdentifierGenerator strategy [foreign] -> [org.hibernate.id.ForeignGenerator] 
2019:06:03 14:40:51.998 DEBUG --- [restartedMain] o.h.i.f.i.DefaultIdentifierGeneratorFactory : Registering IdentifierGenerator strategy [sequence-identity] -> [org.hibernate.id.SequenceIdentityGenerator] 
2019:06:03 14:40:51.998 DEBUG --- [restartedMain] o.h.i.f.i.DefaultIdentifierGeneratorFactory : Registering IdentifierGenerator strategy [enhanced-sequence] -> [org.hibernate.id.enhanced.SequenceStyleGenerator] 
2019:06:03 14:40:51.999 DEBUG --- [restartedMain] o.h.i.f.i.DefaultIdentifierGeneratorFactory : Registering IdentifierGenerator strategy [enhanced-table] -> [org.hibernate.id.enhanced.TableGenerator] 
2019:06:03 14:40:52.006 DEBUG --- [restartedMain] o.h.e.j.e.i.JdbcEnvironmentInitiator : Database ->
       name : H2
    version : 1.4.199 (2019-03-13)
      major : 1
      minor : 4 
2019:06:03 14:40:52.006 DEBUG --- [restartedMain] o.h.e.j.e.i.JdbcEnvironmentInitiator : Driver ->
       name : H2 JDBC Driver
    version : 1.4.199 (2019-03-13)
      major : 1
      minor : 4 
2019:06:03 14:40:52.006 DEBUG --- [restartedMain] o.h.e.j.e.i.JdbcEnvironmentInitiator : JDBC version : 4.1 
2019:06:03 14:40:52.012 INFO  --- [restartedMain] org.hibernate.dialect.Dialect : HHH000400: Using dialect: org.hibernate.dialect.H2Dialect 
2019:06:03 14:40:52.045 DEBUG --- [restartedMain] o.h.e.j.e.s.IdentifierHelperBuilder : JDBC driver metadata reported database stores quoted identifiers in neither upper, lower nor mixed case 
2019:06:03 14:40:52.053 DEBUG --- [restartedMain] o.h.boot.model.relational.Namespace : Created database namespace [logicalName=Name{catalog=null, schema=null}, physicalName=Name{catalog=null, schema=null}] 
2019:06:03 14:40:52.056 DEBUG --- [restartedMain] o.h.t.spi.TypeConfiguration$Scope : Scoping TypeConfiguration [org.hibernate.type.spi.TypeConfiguration@42a93f10] to MetadataBuildingContext [org.hibernate.boot.internal.MetadataBuildingContextRootImpl@4233587e] 
2019:06:03 14:40:52.071 DEBUG --- [restartedMain] org.hibernate.cfg.AnnotationBinder : Binding entity from annotated class: org.godseop.apple.model.User 
2019:06:03 14:40:52.084 DEBUG --- [restartedMain] org.hibernate.cfg.Ejb3Column : Binding column: Ejb3DiscriminatorColumn{logicalColumnName'DTYPE', discriminatorTypeName='string'} 
2019:06:03 14:40:52.088 DEBUG --- [restartedMain] o.h.cfg.annotations.EntityBinder : Import with entity name users 
2019:06:03 14:40:52.091 DEBUG --- [restartedMain] o.h.cfg.annotations.EntityBinder : Bind entity org.godseop.apple.model.User on table users 
2019:06:03 14:40:52.104 DEBUG --- [restartedMain] org.hibernate.cfg.Ejb3Column : Binding column: Ejb3Column{table=org.hibernate.mapping.Table(users), mappingColumn=seq, insertable=true, updatable=true, unique=false} 
2019:06:03 14:40:52.106 DEBUG --- [restartedMain] o.h.cfg.annotations.PropertyBinder : MetadataSourceProcessor property seq with lazy=false 
2019:06:03 14:40:52.107 DEBUG --- [restartedMain] o.h.cfg.AbstractPropertyHolder : Attempting to locate auto-apply AttributeConverter for property [org.godseop.apple.model.User:seq] 
2019:06:03 14:40:52.108 DEBUG --- [restartedMain] o.h.c.annotations.SimpleValueBinder : building SimpleValue for seq 
2019:06:03 14:40:52.110 DEBUG --- [restartedMain] o.h.cfg.annotations.PropertyBinder : Building property seq 
2019:06:03 14:40:52.113 DEBUG --- [restartedMain] org.hibernate.cfg.BinderHelper : #makeIdGenerator(org.hibernate.mapping.SimpleValue([org.hibernate.mapping.Column(seq)]), seq, identity, , ...) 
2019:06:03 14:40:52.113 DEBUG --- [restartedMain] org.hibernate.cfg.Ejb3Column : Binding column: Ejb3Column{table=org.hibernate.mapping.Table(users), mappingColumn=id, insertable=true, updatable=true, unique=false} 
2019:06:03 14:40:52.113 DEBUG --- [restartedMain] o.h.cfg.annotations.PropertyBinder : MetadataSourceProcessor property id with lazy=false 
2019:06:03 14:40:52.113 DEBUG --- [restartedMain] o.h.cfg.AbstractPropertyHolder : Attempting to locate auto-apply AttributeConverter for property [org.godseop.apple.model.User:id] 
2019:06:03 14:40:52.114 DEBUG --- [restartedMain] o.h.c.annotations.SimpleValueBinder : building SimpleValue for id 
2019:06:03 14:40:52.114 DEBUG --- [restartedMain] o.h.cfg.annotations.PropertyBinder : Building property id 
2019:06:03 14:40:52.114 DEBUG --- [restartedMain] org.hibernate.cfg.Ejb3Column : Binding column: Ejb3Column{table=org.hibernate.mapping.Table(users), mappingColumn=name, insertable=true, updatable=true, unique=false} 
2019:06:03 14:40:52.115 DEBUG --- [restartedMain] o.h.cfg.annotations.PropertyBinder : MetadataSourceProcessor property name with lazy=false 
2019:06:03 14:40:52.115 DEBUG --- [restartedMain] o.h.cfg.AbstractPropertyHolder : Attempting to locate auto-apply AttributeConverter for property [org.godseop.apple.model.User:name] 
2019:06:03 14:40:52.115 DEBUG --- [restartedMain] o.h.c.annotations.SimpleValueBinder : building SimpleValue for name 
2019:06:03 14:40:52.115 DEBUG --- [restartedMain] o.h.cfg.annotations.PropertyBinder : Building property name 
2019:06:03 14:40:52.116 DEBUG --- [restartedMain] o.h.c.annotations.SimpleValueBinder : Starting fillSimpleValue for seq 
2019:06:03 14:40:52.116 DEBUG --- [restartedMain] o.h.c.annotations.SimpleValueBinder : Starting fillSimpleValue for id 
2019:06:03 14:40:52.116 DEBUG --- [restartedMain] o.h.c.annotations.SimpleValueBinder : Starting fillSimpleValue for name 
2019:06:03 14:40:52.117 DEBUG --- [restartedMain] org.hibernate.mapping.PrimaryKey : Forcing column [seq] to be non-null as it is part of the primary key for table [users] 
2019:06:03 14:40:52.133 DEBUG --- [restartedMain] o.h.internal.SessionFactoryImpl : Building session factory 
2019:06:03 14:40:52.133 DEBUG --- [restartedMain] org.hibernate.cfg.Settings : SessionFactory name : null 
2019:06:03 14:40:52.134 DEBUG --- [restartedMain] org.hibernate.cfg.Settings : Automatic flush during beforeCompletion(): enabled 
2019:06:03 14:40:52.134 DEBUG --- [restartedMain] org.hibernate.cfg.Settings : Automatic session close at end of transaction: disabled 
2019:06:03 14:40:52.134 DEBUG --- [restartedMain] org.hibernate.cfg.Settings : Statistics: disabled 
2019:06:03 14:40:52.134 DEBUG --- [restartedMain] org.hibernate.cfg.Settings : Deleted entity synthetic identifier rollback: disabled 
2019:06:03 14:40:52.134 DEBUG --- [restartedMain] org.hibernate.cfg.Settings : Default entity-mode: pojo 
2019:06:03 14:40:52.134 DEBUG --- [restartedMain] org.hibernate.cfg.Settings : Check Nullability in Core (should be disabled when Bean Validation is on): enabled 
2019:06:03 14:40:52.134 DEBUG --- [restartedMain] org.hibernate.cfg.Settings : Allow initialization of lazy state outside session : disabled 
2019:06:03 14:40:52.134 DEBUG --- [restartedMain] org.hibernate.cfg.Settings : Using BatchFetchStyle : LEGACY 
2019:06:03 14:40:52.134 DEBUG --- [restartedMain] org.hibernate.cfg.Settings : Default batch fetch size: -1 
2019:06:03 14:40:52.134 DEBUG --- [restartedMain] org.hibernate.cfg.Settings : Maximum outer join fetch depth: null 
2019:06:03 14:40:52.134 DEBUG --- [restartedMain] org.hibernate.cfg.Settings : Default null ordering: NONE 
2019:06:03 14:40:52.134 DEBUG --- [restartedMain] org.hibernate.cfg.Settings : Order SQL updates by primary key: disabled 
2019:06:03 14:40:52.134 DEBUG --- [restartedMain] org.hibernate.cfg.Settings : Order SQL inserts for batching: disabled 
2019:06:03 14:40:52.134 DEBUG --- [restartedMain] org.hibernate.cfg.Settings : multi-tenancy strategy : NONE 
2019:06:03 14:40:52.134 DEBUG --- [restartedMain] org.hibernate.cfg.Settings : JTA Track by Thread: enabled 
2019:06:03 14:40:52.134 DEBUG --- [restartedMain] org.hibernate.cfg.Settings : Query language substitutions: {} 
2019:06:03 14:40:52.135 DEBUG --- [restartedMain] org.hibernate.cfg.Settings : Named query checking : enabled 
2019:06:03 14:40:52.135 DEBUG --- [restartedMain] org.hibernate.cfg.Settings : Second-level cache: disabled 
2019:06:03 14:40:52.135 DEBUG --- [restartedMain] org.hibernate.cfg.Settings : Second-level query cache: disabled 
2019:06:03 14:40:52.135 DEBUG --- [restartedMain] org.hibernate.cfg.Settings : Second-level query cache factory: null 
2019:06:03 14:40:52.135 DEBUG --- [restartedMain] org.hibernate.cfg.Settings : Second-level cache region prefix: null 
2019:06:03 14:40:52.135 DEBUG --- [restartedMain] org.hibernate.cfg.Settings : Optimize second-level cache for minimal puts: disabled 
2019:06:03 14:40:52.135 DEBUG --- [restartedMain] org.hibernate.cfg.Settings : Structured second-level cache entries: disabled 
2019:06:03 14:40:52.135 DEBUG --- [restartedMain] org.hibernate.cfg.Settings : Second-level cache direct-reference entries: disabled 
2019:06:03 14:40:52.135 DEBUG --- [restartedMain] org.hibernate.cfg.Settings : Automatic eviction of collection cache: disabled 
2019:06:03 14:40:52.135 DEBUG --- [restartedMain] org.hibernate.cfg.Settings : JDBC batch size: 15 
2019:06:03 14:40:52.135 DEBUG --- [restartedMain] org.hibernate.cfg.Settings : JDBC batch updates for versioned data: enabled 
2019:06:03 14:40:52.135 DEBUG --- [restartedMain] org.hibernate.cfg.Settings : Scrollable result sets: enabled 
2019:06:03 14:40:52.135 DEBUG --- [restartedMain] org.hibernate.cfg.Settings : Wrap result sets: disabled 
2019:06:03 14:40:52.135 DEBUG --- [restartedMain] org.hibernate.cfg.Settings : JDBC3 getGeneratedKeys(): enabled 
2019:06:03 14:40:52.135 DEBUG --- [restartedMain] org.hibernate.cfg.Settings : JDBC result set fetch size: null 
2019:06:03 14:40:52.135 DEBUG --- [restartedMain] org.hibernate.cfg.Settings : Connection release mode: ON_CLOSE 
2019:06:03 14:40:52.136 DEBUG --- [restartedMain] org.hibernate.cfg.Settings : Generate SQL with comments: disabled 
2019:06:03 14:40:52.136 DEBUG --- [restartedMain] org.hibernate.cfg.Settings : JPA compliance - query :  
2019:06:03 14:40:52.136 DEBUG --- [restartedMain] org.hibernate.cfg.Settings : JPA compliance - closed-handling :  
2019:06:03 14:40:52.136 DEBUG --- [restartedMain] org.hibernate.cfg.Settings : JPA compliance - lists :  
2019:06:03 14:40:52.136 DEBUG --- [restartedMain] org.hibernate.cfg.Settings : JPA compliance - transactions :  
2019:06:03 14:40:52.169 DEBUG --- [restartedMain] o.h.internal.SessionFactoryImpl : Session factory constructed with filter configurations : {} 
2019:06:03 14:40:52.169 DEBUG --- [restartedMain] o.h.internal.SessionFactoryImpl : Instantiating session factory with properties: {sun.desktop=windows, awt.toolkit=sun.awt.windows.WToolkit, hibernate.format_sql=true, hibernate.id.new_generator_mappings=true, java.specification.version=11, sun.cpu.isalist=amd64, hibernate.resource.beans.container=org.springframework.orm.hibernate5.SpringBeanContainer@1b0e39f, hibernate.connection.handling_mode=DELAYED_ACQUISITION_AND_HOLD, sun.jnu.encoding=MS949, hibernate.dialect=org.hibernate.dialect.H2Dialect, hibernate.implicit_naming_strategy=org.springframework.boot.orm.jpa.hibernate.SpringImplicitNamingStrategy, java.class.path=E:\내 문서\git\apple\target\classes;C:\Users\mcahn\.m2\repository\org\springframework\boot\spring-boot-starter-validation\2.1.5.RELEASE\spring-boot-starter-validation-2.1.5.RELEASE.jar;C:\Users\mcahn\.m2\repository\org\springframework\boot\spring-boot-starter\2.1.5.RELEASE\spring-boot-starter-2.1.5.RELEASE.jar;C:\Users\mcahn\.m2\repository\org\springframework\boot\spring-boot-starter-logging\2.1.5.RELEASE\spring-boot-starter-logging-2.1.5.RELEASE.jar;C:\Users\mcahn\.m2\repository\ch\qos\logback\logback-classic\1.2.3\logback-classic-1.2.3.jar;C:\Users\mcahn\.m2\repository\ch\qos\logback\logback-core\1.2.3\logback-core-1.2.3.jar;C:\Users\mcahn\.m2\repository\org\apache\logging\log4j\log4j-to-slf4j\2.11.2\log4j-to-slf4j-2.11.2.jar;C:\Users\mcahn\.m2\repository\org\apache\logging\log4j\log4j-api\2.11.2\log4j-api-2.11.2.jar;C:\Users\mcahn\.m2\repository\org\slf4j\jul-to-slf4j\1.7.26\jul-to-slf4j-1.7.26.jar;C:\Users\mcahn\.m2\repository\javax\annotation\javax.annotation-api\1.3.2\javax.annotation-api-1.3.2.jar;C:\Users\mcahn\.m2\repository\org\yaml\snakeyaml\1.23\snakeyaml-1.23.jar;C:\Users\mcahn\.m2\repository\org\apache\tomcat\embed\tomcat-embed-el\9.0.19\tomcat-embed-el-9.0.19.jar;C:\Users\mcahn\.m2\repository\org\hibernate\validator\hibernate-validator\6.0.16.Final\hibernate-validator-6.0.16.Final.jar;C:\Users\mcahn\.m2\repository\javax\validation\validation-api\2.0.1.Final\validation-api-2.0.1.Final.jar;C:\Users\mcahn\.m2\repository\org\jboss\logging\jboss-logging\3.3.2.Final\jboss-logging-3.3.2.Final.jar;C:\Users\mcahn\.m2\repository\com\fasterxml\classmate\1.4.0\classmate-1.4.0.jar;C:\Users\mcahn\.m2\repository\org\springframework\boot\spring-boot-starter-web\2.1.5.RELEASE\spring-boot-starter-web-2.1.5.RELEASE.jar;C:\Users\mcahn\.m2\repository\org\springframework\boot\spring-boot-starter-json\2.1.5.RELEASE\spring-boot-starter-json-2.1.5.RELEASE.jar;C:\Users\mcahn\.m2\repository\com\fasterxml\jackson\core\jackson-databind\2.9.8\jackson-databind-2.9.8.jar;C:\Users\mcahn\.m2\repository\com\fasterxml\jackson\core\jackson-annotations\2.9.0\jackson-annotations-2.9.0.jar;C:\Users\mcahn\.m2\repository\com\fasterxml\jackson\core\jackson-core\2.9.8\jackson-core-2.9.8.jar;C:\Users\mcahn\.m2\repository\com\fasterxml\jackson\datatype\jackson-datatype-jdk8\2.9.8\jackson-datatype-jdk8-2.9.8.jar;C:\Users\mcahn\.m2\repository\com\fasterxml\jackson\datatype\jackson-datatype-jsr310\2.9.8\jackson-datatype-jsr310-2.9.8.jar;C:\Users\mcahn\.m2\repository\com\fasterxml\jackson\module\jackson-module-parameter-names\2.9.8\jackson-module-parameter-names-2.9.8.jar;C:\Users\mcahn\.m2\repository\org\springframework\boot\spring-boot-starter-tomcat\2.1.5.RELEASE\spring-boot-starter-tomcat-2.1.5.RELEASE.jar;C:\Users\mcahn\.m2\repository\org\apache\tomcat\embed\tomcat-embed-websocket\9.0.19\tomcat-embed-websocket-9.0.19.jar;C:\Users\mcahn\.m2\repository\org\springframework\spring-web\5.1.7.RELEASE\spring-web-5.1.7.RELEASE.jar;C:\Users\mcahn\.m2\repository\org\springframework\spring-beans\5.1.7.RELEASE\spring-beans-5.1.7.RELEASE.jar;C:\Users\mcahn\.m2\repository\org\springframework\spring-webmvc\5.1.7.RELEASE\spring-webmvc-5.1.7.RELEASE.jar;C:\Users\mcahn\.m2\repository\org\springframework\spring-aop\5.1.7.RELEASE\spring-aop-5.1.7.RELEASE.jar;C:\Users\mcahn\.m2\repository\org\springframework\spring-context\5.1.7.RELEASE\spring-context-5.1.7.RELEASE.jar;C:\Users\mcahn\.m2\repository\org\springframework\spring-expression\5.1.7.RELEASE\spring-expression-5.1.7.RELEASE.jar;C:\Users\mcahn\.m2\repository\org\mybatis\spring\boot\mybatis-spring-boot-starter\2.0.1\mybatis-spring-boot-starter-2.0.1.jar;C:\Users\mcahn\.m2\repository\org\springframework\boot\spring-boot-starter-jdbc\2.1.5.RELEASE\spring-boot-starter-jdbc-2.1.5.RELEASE.jar;C:\Users\mcahn\.m2\repository\com\zaxxer\HikariCP\3.2.0\HikariCP-3.2.0.jar;C:\Users\mcahn\.m2\repository\org\springframework\spring-jdbc\5.1.7.RELEASE\spring-jdbc-5.1.7.RELEASE.jar;C:\Users\mcahn\.m2\repository\org\mybatis\spring\boot\mybatis-spring-boot-autoconfigure\2.0.1\mybatis-spring-boot-autoconfigure-2.0.1.jar;C:\Users\mcahn\.m2\repository\org\mybatis\mybatis\3.5.1\mybatis-3.5.1.jar;C:\Users\mcahn\.m2\repository\org\mybatis\mybatis-spring\2.0.1\mybatis-spring-2.0.1.jar;C:\Users\mcahn\.m2\repository\org\springframework\boot\spring-boot-starter-data-jpa\2.1.5.RELEASE\spring-boot-starter-data-jpa-2.1.5.RELEASE.jar;C:\Users\mcahn\.m2\repository\org\springframework\boot\spring-boot-starter-aop\2.1.5.RELEASE\spring-boot-starter-aop-2.1.5.RELEASE.jar;C:\Users\mcahn\.m2\repository\org\aspectj\aspectjweaver\1.9.4\aspectjweaver-1.9.4.jar;C:\Users\mcahn\.m2\repository\javax\transaction\javax.transaction-api\1.3\javax.transaction-api-1.3.jar;C:\Users\mcahn\.m2\repository\javax\xml\bind\jaxb-api\2.3.1\jaxb-api-2.3.1.jar;C:\Users\mcahn\.m2\repository\javax\activation\javax.activation-api\1.2.0\javax.activation-api-1.2.0.jar;C:\Users\mcahn\.m2\repository\org\hibernate\hibernate-core\5.3.10.Final\hibernate-core-5.3.10.Final.jar;C:\Users\mcahn\.m2\repository\javax\persistence\javax.persistence-api\2.2\javax.persistence-api-2.2.jar;C:\Users\mcahn\.m2\repository\org\javassist\javassist\3.23.2-GA\javassist-3.23.2-GA.jar;C:\Users\mcahn\.m2\repository\net\bytebuddy\byte-buddy\1.9.12\byte-buddy-1.9.12.jar;C:\Users\mcahn\.m2\repository\antlr\antlr\2.7.7\antlr-2.7.7.jar;C:\Users\mcahn\.m2\repository\org\jboss\jandex\2.0.5.Final\jandex-2.0.5.Final.jar;C:\Users\mcahn\.m2\repository\org\dom4j\dom4j\2.1.1\dom4j-2.1.1.jar;C:\Users\mcahn\.m2\repository\org\hibernate\common\hibernate-commons-annotations\5.0.4.Final\hibernate-commons-annotations-5.0.4.Final.jar;C:\Users\mcahn\.m2\repository\org\springframework\data\spring-data-jpa\2.1.8.RELEASE\spring-data-jpa-2.1.8.RELEASE.jar;C:\Users\mcahn\.m2\repository\org\springframework\data\spring-data-commons\2.1.8.RELEASE\spring-data-commons-2.1.8.RELEASE.jar;C:\Users\mcahn\.m2\repository\org\springframework\spring-orm\5.1.7.RELEASE\spring-orm-5.1.7.RELEASE.jar;C:\Users\mcahn\.m2\repository\org\springframework\spring-tx\5.1.7.RELEASE\spring-tx-5.1.7.RELEASE.jar;C:\Users\mcahn\.m2\repository\org\slf4j\slf4j-api\1.7.26\slf4j-api-1.7.26.jar;C:\Users\mcahn\.m2\repository\org\springframework\spring-aspects\5.1.7.RELEASE\spring-aspects-5.1.7.RELEASE.jar;C:\Users\mcahn\.m2\repository\org\springframework\boot\spring-boot-devtools\2.1.5.RELEASE\spring-boot-devtools-2.1.5.RELEASE.jar;C:\Users\mcahn\.m2\repository\org\springframework\boot\spring-boot\2.1.5.RELEASE\spring-boot-2.1.5.RELEASE.jar;C:\Users\mcahn\.m2\repository\org\springframework\boot\spring-boot-autoconfigure\2.1.5.RELEASE\spring-boot-autoconfigure-2.1.5.RELEASE.jar;C:\Users\mcahn\.m2\repository\org\projectlombok\lombok\1.18.8\lombok-1.18.8.jar;C:\Users\mcahn\.m2\repository\com\h2database\h2\1.4.199\h2-1.4.199.jar;C:\Users\mcahn\.m2\repository\javax\servlet\jstl\1.2\jstl-1.2.jar;C:\Users\mcahn\.m2\repository\org\apache\tomcat\embed\tomcat-embed-jasper\9.0.19\tomcat-embed-jasper-9.0.19.jar;C:\Users\mcahn\.m2\repository\org\apache\tomcat\embed\tomcat-embed-core\9.0.19\tomcat-embed-core-9.0.19.jar;C:\Users\mcahn\.m2\repository\org\apache\tomcat\tomcat-annotations-api\9.0.19\tomcat-annotations-api-9.0.19.jar;C:\Users\mcahn\.m2\repository\org\eclipse\jdt\ecj\3.16.0\ecj-3.16.0.jar;C:\Users\mcahn\.m2\repository\org\springframework\spring-core\5.1.7.RELEASE\spring-core-5.1.7.RELEASE.jar;C:\Users\mcahn\.m2\repository\org\springframework\spring-jcl\5.1.7.RELEASE\spring-jcl-5.1.7.RELEASE.jar;C:\Users\mcahn\.m2\repository\org\bgee\log4jdbc-log4j2\log4jdbc-log4j2-jdbc4.1\1.16\log4jdbc-log4j2-jdbc4.1-1.16.jar, com.sun.management.jmxremote.authenticate=false, java.vm.vendor=Oracle Corporation, sun.arch.data.model=64, user.variant=, java.vendor.url=http://java.oracle.com/, catalina.useNaming=false, user.timezone=Asia/Seoul, os.name=Windows 7, java.vm.specification.version=11, javax.persistence.validation.mode=AUTO, sun.java.launcher=SUN_STANDARD, user.country=KR, sun.boot.library.path=C:\Program Files\Java\jdk-11.0.3\bin, com.sun.management.jmxremote.ssl=false, sun.java.command=org.godseop.apple.AppleApplication --spring.output.ansi.enabled=always, spring.application.admin.enabled=true, hibernate.transaction.jta.platform=org.hibernate.engine.transaction.jta.platform.internal.NoJtaPlatform@1c184958, com.sun.management.jmxremote=, javax.persistence.sharedCache.mode=UNSPECIFIED, jdk.debug=release, spring.liveBeansView.mbeanDomain=, sun.cpu.endian=little, user.home=C:\Users\mcahn, user.language=ko, java.specification.vendor=Oracle Corporation, java.version.date=2019-04-16, java.home=C:\Program Files\Java\jdk-11.0.3, file.separator=\, java.vm.compressedOopsMode=Zero based, line.separator=
, java.specification.name=Java Platform API Specification, java.vm.specification.vendor=Oracle Corporation, hibernate.transaction.coordinator_class=class org.hibernate.resource.transaction.backend.jdbc.internal.JdbcResourceLocalTransactionCoordinatorBuilderImpl, java.awt.graphicsenv=sun.awt.Win32GraphicsEnvironment, java.awt.headless=true, hibernate.hbm2ddl.auto=update, user.script=, sun.management.compiler=HotSpot 64-Bit Tiered Compilers, java.runtime.version=11.0.3+12-LTS, user.name=mcahn, path.separator=;, os.version=6.1, java.runtime.name=Java(TM) SE Runtime Environment, file.encoding=UTF-8, hibernate.ejb.persistenceUnitName=default, spring.beaninfo.ignore=true, java.vm.name=Java HotSpot(TM) 64-Bit Server VM, hibernate.show_sql=true, java.vendor.version=18.9, LOG_FILE=./log/local, java.vendor.url.bug=http://bugreport.java.com/bugreport/, java.io.tmpdir=C:\Users\mcahn\AppData\Local\Temp\, catalina.home=C:\Users\mcahn\AppData\Local\Temp\tomcat.4513078212782074483.8080, java.version=11.0.3, com.sun.management.jmxremote.port=10023, hibernate.physical_naming_strategy=org.springframework.boot.orm.jpa.hibernate.SpringPhysicalNamingStrategy, user.dir=E:\내 문서\git\apple, os.arch=amd64, java.vm.specification.name=Java Virtual Machine Specification, PID=33496, java.awt.printerjob=sun.awt.windows.WPrinterJob, sun.os.patch.level=Service Pack 1, catalina.base=C:\Users\mcahn\AppData\Local\Temp\tomcat.4513078212782074483.8080, hibernate.boot.CfgXmlAccessService.key=org.hibernate.boot.cfgxml.spi.LoadedConfig@66e4816f, java.library.path=C:\Program Files\Java\jdk-11.0.3\bin;C:\Windows\Sun\Java\bin;C:\Windows\system32;C:\Windows;C:/Program Files/Java/jre1.8.0_212/bin/server;C:/Program Files/Java/jre1.8.0_212/bin;C:/Program Files/Java/jre1.8.0_212/lib/amd64;C:\Program Files (x86)\Common Files\Oracle\Java\javapath;E:\app\mcahn\product\11.2.0\client_1\bin;C:\Program Files (x86)\Intel\iCLS Client\;C:\Program Files\Intel\iCLS Client\;C:\ProgramData\Oracle\Java\javapath;C:\Windows\system32;C:\Windows;C:\Windows\System32\Wbem;C:\Windows\System32\WindowsPowerShell\v1.0\;JAVA_HOME%\bin;C:\Program Files (x86)\Intel\UCRT\;C:\Program Files\Intel\UCRT\;C:\Program Files (x86)\Intel\Intel(R) Management Engine Components\DAL;C:\Program Files\Intel\Intel(R) Management Engine Components\DAL;C:\Program Files (x86)\Intel\Intel(R) Management Engine Components\IPT;C:\Program Files\Intel\Intel(R) Management Engine Components\IPT;C:\Tibero\tibero5_client\client\bin;C:\Tibero\tibero5_client\client\lib;C:\Tibero\tibero5_client\bin;C:\Program Files\Java\jdk1.8.0_121\bin;C:\Program Files\VisualSVN Server\bin;C:\Program Files\TortoiseSVN\bin;C:\Program Files\Git\cmd;C:\Program Files\nodejs\;E:\mysql\bin;C:\Program Files (x86)\Microsoft SQL Server\Client SDK\ODBC\130\Tools\Binn\;C:\Program Files (x86)\Microsoft SQL Server\140\Tools\Binn\;C:\Program Files (x86)\Microsoft SQL Server\140\DTS\Binn\;C:\Program Files (x86)\Microsoft SQL Server\140\Tools\Binn\ManagementStudio\;C:\Program Files\ojdkbuild\java-1.8.0-openjdk-1.8.0.191-1\bin;C:\Program Files\Bandizip\7z;C:\Users\mcahn\AppData\Roaming\npm;C:\Users\mcahn\AppData\Local\atom\bin;E:\spring-tool-suite-3.9.7.RELEASE-e4.10.0-win32-x86_64\sts-bundle\sts-3.9.7.RELEASE;;., java.vendor=Oracle Corporation, java.vm.info=mixed mode, java.vm.version=11.0.3+12-LTS, hibernate.bytecode.use_reflection_optimizer=false, java.rmi.server.randomIDs=true, java.rmi.server.hostname=localhost, sun.io.unicode.encoding=UnicodeLittle, hibernate.connection.datasource=HikariDataSource (testdb), java.class.version=55.0} 
2019:06:03 14:40:52.180 DEBUG --- [restartedMain] o.h.v.i.e.r.TraversableResolvers : Found javax.persistence.Persistence on classpath containing 'getPersistenceUtil'. Assuming JPA 2 environment. Trying to instantiate JPA aware TraversableResolver 
2019:06:03 14:40:52.180 DEBUG --- [restartedMain] o.h.v.i.e.r.TraversableResolvers : Instantiated JPA aware TraversableResolver of type org.hibernate.validator.internal.engine.resolver.JPATraversableResolver. 
2019:06:03 14:40:52.180 DEBUG --- [restartedMain] o.h.v.i.x.c.ValidationXmlParser : Trying to load META-INF/validation.xml for XML based Validator configuration. 
2019:06:03 14:40:52.180 DEBUG --- [restartedMain] o.h.v.i.x.c.ResourceLoaderHelper : Trying to load META-INF/validation.xml via TCCL 
2019:06:03 14:40:52.180 DEBUG --- [restartedMain] o.h.v.i.x.c.ResourceLoaderHelper : Trying to load META-INF/validation.xml via Hibernate Validator's class loader 
2019:06:03 14:40:52.180 DEBUG --- [restartedMain] o.h.v.i.x.c.ValidationXmlParser : No META-INF/validation.xml found. Using annotation based configuration only. 
2019:06:03 14:40:52.184 DEBUG --- [restartedMain] o.h.v.m.ResourceBundleMessageInterpolator : Loaded expression factory via original TCCL 
2019:06:03 14:40:52.185 DEBUG --- [restartedMain] o.h.v.i.engine.ValidatorFactoryImpl : HV000234: Using org.hibernate.validator.messageinterpolation.ResourceBundleMessageInterpolator as ValidatorFactory-scoped message interpolator. 
2019:06:03 14:40:52.185 DEBUG --- [restartedMain] o.h.v.i.engine.ValidatorFactoryImpl : HV000234: Using org.hibernate.validator.internal.engine.resolver.JPATraversableResolver as ValidatorFactory-scoped traversable resolver. 
2019:06:03 14:40:52.185 DEBUG --- [restartedMain] o.h.v.i.engine.ValidatorFactoryImpl : HV000234: Using org.hibernate.validator.internal.util.ExecutableParameterNameProvider as ValidatorFactory-scoped parameter name provider. 
2019:06:03 14:40:52.185 DEBUG --- [restartedMain] o.h.v.i.engine.ValidatorFactoryImpl : HV000234: Using org.hibernate.validator.internal.engine.DefaultClockProvider as ValidatorFactory-scoped clock provider. 
2019:06:03 14:40:52.185 DEBUG --- [restartedMain] o.h.v.i.engine.ValidatorFactoryImpl : HV000234: Using org.hibernate.validator.internal.engine.scripting.DefaultScriptEvaluatorFactory as ValidatorFactory-scoped script evaluator factory. 
2019:06:03 14:40:52.186 DEBUG --- [restartedMain] o.h.b.i.ClassLoaderAccessImpl : Not known whether passed class name [org.godseop.apple.model.User] is safe 
2019:06:03 14:40:52.186 DEBUG --- [restartedMain] o.h.b.i.ClassLoaderAccessImpl : No temp ClassLoader provided; using live ClassLoader for loading potentially unsafe class : org.godseop.apple.model.User 
2019:06:03 14:40:52.209 DEBUG --- [restartedMain] o.h.secure.spi.JaccIntegrator : Skipping JACC integration as it was not enabled 
2019:06:03 14:40:52.209 DEBUG --- [restartedMain] o.h.internal.SessionFactoryImpl : Instantiated session factory 
2019:06:03 14:40:52.209 DEBUG --- [restartedMain] o.h.t.spi.TypeConfiguration$Scope : Scoping TypeConfiguration [org.hibernate.type.spi.TypeConfiguration@42a93f10] to SessionFactoryImpl [org.hibernate.internal.SessionFactoryImpl@5ad4159e] 
2019:06:03 14:40:52.227 DEBUG --- [restartedMain] o.h.b.i.ClassLoaderAccessImpl : Not known whether passed class name [org.godseop.apple.model.User] is safe 
2019:06:03 14:40:52.227 DEBUG --- [restartedMain] o.h.b.i.ClassLoaderAccessImpl : No temp ClassLoader provided; using live ClassLoader for loading potentially unsafe class : org.godseop.apple.model.User 
2019:06:03 14:40:52.237 DEBUG --- [restartedMain] o.h.b.i.ClassLoaderAccessImpl : Not known whether passed class name [org.godseop.apple.model.User] is safe 
2019:06:03 14:40:52.237 DEBUG --- [restartedMain] o.h.b.i.ClassLoaderAccessImpl : No temp ClassLoader provided; using live ClassLoader for loading potentially unsafe class : org.godseop.apple.model.User 
2019:06:03 14:40:52.359 DEBUG --- [restartedMain] o.h.p.e.AbstractEntityPersister : Static SQL for entity: org.godseop.apple.model.User 
2019:06:03 14:40:52.359 DEBUG --- [restartedMain] o.h.p.e.AbstractEntityPersister :  Version select: select seq from users where seq =? 
2019:06:03 14:40:52.359 DEBUG --- [restartedMain] o.h.p.e.AbstractEntityPersister :  Snapshot select: select user_.seq, user_.id as id2_0_, user_.name as name3_0_ from users user_ where user_.seq=? 
2019:06:03 14:40:52.359 DEBUG --- [restartedMain] o.h.p.e.AbstractEntityPersister :  Insert 0: insert into users (id, name, seq) values (?, ?, ?) 
2019:06:03 14:40:52.359 DEBUG --- [restartedMain] o.h.p.e.AbstractEntityPersister :  Update 0: update users set id=?, name=? where seq=? 
2019:06:03 14:40:52.359 DEBUG --- [restartedMain] o.h.p.e.AbstractEntityPersister :  Delete 0: delete from users where seq=? 
2019:06:03 14:40:52.359 DEBUG --- [restartedMain] o.h.p.e.AbstractEntityPersister :  Identity insert: insert into users (seq, id, name) values (null, ?, ?) 
2019:06:03 14:40:52.374 DEBUG --- [restartedMain] o.h.l.p.b.i.spaces.QuerySpacesImpl : Adding QuerySpace : uid = <gen:0> -> org.hibernate.loader.plan.build.internal.spaces.EntityQuerySpaceImpl@68d59856] 
2019:06:03 14:40:52.375 DEBUG --- [restartedMain] o.h.p.w.spi.MetamodelGraphWalker : Visiting attribute path : id 
2019:06:03 14:40:52.375 DEBUG --- [restartedMain] o.h.p.w.spi.MetamodelGraphWalker : Visiting attribute path : name 
2019:06:03 14:40:52.375 DEBUG --- [restartedMain] o.h.l.p.b.i.FetchStyleLoadPlanBuildingAssociationVisitationStrategy : Building LoadPlan... 
2019:06:03 14:40:52.382 DEBUG --- [restartedMain] o.h.l.p.e.i.LoadQueryJoinAndFetchProcessor : processing queryspace <gen:0> 
2019:06:03 14:40:52.384 DEBUG --- [restartedMain] o.h.l.p.b.spi.LoadPlanTreePrinter : LoadPlan(entity=org.godseop.apple.model.User)
    - Returns
       - EntityReturnImpl(entity=org.godseop.apple.model.User, querySpaceUid=<gen:0>, path=org.godseop.apple.model.User)
    - QuerySpaces
       - EntityQuerySpaceImpl(uid=<gen:0>, entity=org.godseop.apple.model.User)
          - SQL table alias mapping - user0_
          - alias suffix - 0_
          - suffixed key columns - {seq1_0_0_}
 
2019:06:03 14:40:52.386 DEBUG --- [restartedMain] o.h.loader.entity.plan.EntityLoader : Static select for entity org.godseop.apple.model.User [NONE]: select user0_.seq as seq1_0_0_, user0_.id as id2_0_0_, user0_.name as name3_0_0_ from users user0_ where user0_.seq=? 
2019:06:03 14:40:52.386 DEBUG --- [restartedMain] o.h.l.p.b.i.spaces.QuerySpacesImpl : Adding QuerySpace : uid = <gen:0> -> org.hibernate.loader.plan.build.internal.spaces.EntityQuerySpaceImpl@58f89a21] 
2019:06:03 14:40:52.386 DEBUG --- [restartedMain] o.h.p.w.spi.MetamodelGraphWalker : Visiting attribute path : id 
2019:06:03 14:40:52.386 DEBUG --- [restartedMain] o.h.p.w.spi.MetamodelGraphWalker : Visiting attribute path : name 
2019:06:03 14:40:52.386 DEBUG --- [restartedMain] o.h.l.p.b.i.FetchStyleLoadPlanBuildingAssociationVisitationStrategy : Building LoadPlan... 
2019:06:03 14:40:52.386 DEBUG --- [restartedMain] o.h.l.p.e.i.LoadQueryJoinAndFetchProcessor : processing queryspace <gen:0> 
2019:06:03 14:40:52.386 DEBUG --- [restartedMain] o.h.l.p.b.spi.LoadPlanTreePrinter : LoadPlan(entity=org.godseop.apple.model.User)
    - Returns
       - EntityReturnImpl(entity=org.godseop.apple.model.User, querySpaceUid=<gen:0>, path=org.godseop.apple.model.User)
    - QuerySpaces
       - EntityQuerySpaceImpl(uid=<gen:0>, entity=org.godseop.apple.model.User)
          - SQL table alias mapping - user0_
          - alias suffix - 0_
          - suffixed key columns - {seq1_0_0_}
 
2019:06:03 14:40:52.387 DEBUG --- [restartedMain] o.h.loader.entity.plan.EntityLoader : Static select for entity org.godseop.apple.model.User [READ]: select user0_.seq as seq1_0_0_, user0_.id as id2_0_0_, user0_.name as name3_0_0_ from users user0_ where user0_.seq=? 
2019:06:03 14:40:52.411 DEBUG --- [restartedMain] org.hibernate.loader.Loader : Static select for action ACTION_MERGE on entity org.godseop.apple.model.User: select user0_.seq as seq1_0_0_, user0_.id as id2_0_0_, user0_.name as name3_0_0_ from users user0_ where user0_.seq=? 
2019:06:03 14:40:52.411 DEBUG --- [restartedMain] org.hibernate.loader.Loader : Static select for action ACTION_REFRESH on entity org.godseop.apple.model.User: select user0_.seq as seq1_0_0_, user0_.id as id2_0_0_, user0_.name as name3_0_0_ from users user0_ where user0_.seq=? 
2019:06:03 14:40:52.432 DEBUG --- [restartedMain] jdbc.sqltiming :  com.zaxxer.hikari.pool.ProxyStatement.executeQuery(ProxyStatement.java:111)
1. select SEQUENCE_CATALOG, SEQUENCE_SCHEMA, SEQUENCE_NAME, INCREMENT from information_schema.sequences
 {executed in 0 msec} 
2019:06:03 14:40:52.437 INFO  --- [restartedMain] jdbc.resultsettable : 
|-----------------|----------------|-----------------------------------------------------|----------|
|sequence_catalog |sequence_schema |sequence_name                                        |increment |
|-----------------|----------------|-----------------------------------------------------|----------|
|TESTDB           |PUBLIC          |SYSTEM_SEQUENCE_7F1DAC67_F1B6_49F3_8CD2_4D5E10B1EB3E |1         |
|TESTDB           |PUBLIC          |SYSTEM_SEQUENCE_546C1A14_D83E_4DF4_AB48_C7885537E923 |1         |
|-----------------|----------------|-----------------------------------------------------|----------|
 
2019:06:03 14:40:52.464 DEBUG --- [restartedMain] org.hibernate.mapping.Table : No alter strings for table : users 
2019:06:03 14:40:52.465 DEBUG --- [restartedMain] o.h.query.spi.NamedQueryRepository : Checking 0 named HQL queries 
2019:06:03 14:40:52.465 DEBUG --- [restartedMain] o.h.query.spi.NamedQueryRepository : Checking 0 named SQL queries 
2019:06:03 14:40:52.466 DEBUG --- [restartedMain] o.h.internal.SessionFactoryRegistry : Initializing SessionFactoryRegistry : org.hibernate.internal.SessionFactoryRegistry@637d9b6c 
2019:06:03 14:40:52.466 DEBUG --- [restartedMain] o.h.internal.SessionFactoryRegistry : Registering SessionFactory: c23aa81c-d87e-428d-8bef-ef911dd84d4d (<unnamed>) 
2019:06:03 14:40:52.466 DEBUG --- [restartedMain] o.h.internal.SessionFactoryRegistry : Not binding SessionFactory to JNDI, no JNDI name configured 
2019:06:03 14:40:52.466 INFO  --- [restartedMain] o.s.o.j.LocalContainerEntityManagerFactoryBean : Initialized JPA EntityManagerFactory for persistence unit 'default' 
2019:06:03 14:40:52.703 DEBUG --- [restartedMain] o.h.s.internal.StatisticsInitiator : Statistics initialized [enabled=false] 
2019:06:03 14:40:52.788 DEBUG --- [restartedMain] o.h.v.i.e.r.TraversableResolvers : Found javax.persistence.Persistence on classpath containing 'getPersistenceUtil'. Assuming JPA 2 environment. Trying to instantiate JPA aware TraversableResolver 
2019:06:03 14:40:52.789 DEBUG --- [restartedMain] o.h.v.i.e.r.TraversableResolvers : Instantiated JPA aware TraversableResolver of type org.hibernate.validator.internal.engine.resolver.JPATraversableResolver. 
2019:06:03 14:40:52.789 DEBUG --- [restartedMain] o.h.v.m.ResourceBundleMessageInterpolator : Loaded expression factory via original TCCL 
2019:06:03 14:40:52.790 DEBUG --- [restartedMain] o.h.v.i.e.r.TraversableResolvers : Found javax.persistence.Persistence on classpath containing 'getPersistenceUtil'. Assuming JPA 2 environment. Trying to instantiate JPA aware TraversableResolver 
2019:06:03 14:40:52.790 DEBUG --- [restartedMain] o.h.v.i.e.r.TraversableResolvers : Instantiated JPA aware TraversableResolver of type org.hibernate.validator.internal.engine.resolver.JPATraversableResolver. 
2019:06:03 14:40:52.791 DEBUG --- [restartedMain] o.h.v.i.engine.ConfigurationImpl : Setting custom MessageInterpolator of type org.springframework.validation.beanvalidation.LocaleContextMessageInterpolator 
2019:06:03 14:40:52.791 DEBUG --- [restartedMain] o.h.v.i.engine.ConfigurationImpl : Setting custom ConstraintValidatorFactory of type org.springframework.validation.beanvalidation.SpringConstraintValidatorFactory 
2019:06:03 14:40:52.791 DEBUG --- [restartedMain] o.h.v.i.engine.ConfigurationImpl : Setting custom ParameterNameProvider of type org.springframework.validation.beanvalidation.LocalValidatorFactoryBean$1 
2019:06:03 14:40:52.792 DEBUG --- [restartedMain] o.h.v.i.x.c.ValidationXmlParser : Trying to load META-INF/validation.xml for XML based Validator configuration. 
2019:06:03 14:40:52.792 DEBUG --- [restartedMain] o.h.v.i.x.c.ResourceLoaderHelper : Trying to load META-INF/validation.xml via user class loader 
2019:06:03 14:40:52.792 DEBUG --- [restartedMain] o.h.v.i.x.c.ResourceLoaderHelper : Trying to load META-INF/validation.xml via TCCL 
2019:06:03 14:40:52.792 DEBUG --- [restartedMain] o.h.v.i.x.c.ResourceLoaderHelper : Trying to load META-INF/validation.xml via Hibernate Validator's class loader 
2019:06:03 14:40:52.792 DEBUG --- [restartedMain] o.h.v.i.x.c.ValidationXmlParser : No META-INF/validation.xml found. Using annotation based configuration only. 
2019:06:03 14:40:52.795 DEBUG --- [restartedMain] o.h.v.i.engine.ValidatorFactoryImpl : HV000234: Using org.springframework.validation.beanvalidation.LocaleContextMessageInterpolator as ValidatorFactory-scoped message interpolator. 
2019:06:03 14:40:52.795 DEBUG --- [restartedMain] o.h.v.i.engine.ValidatorFactoryImpl : HV000234: Using org.hibernate.validator.internal.engine.resolver.JPATraversableResolver as ValidatorFactory-scoped traversable resolver. 
2019:06:03 14:40:52.795 DEBUG --- [restartedMain] o.h.v.i.engine.ValidatorFactoryImpl : HV000234: Using org.hibernate.validator.internal.util.ExecutableParameterNameProvider as ValidatorFactory-scoped parameter name provider. 
2019:06:03 14:40:52.795 DEBUG --- [restartedMain] o.h.v.i.engine.ValidatorFactoryImpl : HV000234: Using org.hibernate.validator.internal.engine.DefaultClockProvider as ValidatorFactory-scoped clock provider. 
2019:06:03 14:40:52.795 DEBUG --- [restartedMain] o.h.v.i.engine.ValidatorFactoryImpl : HV000234: Using org.hibernate.validator.internal.engine.scripting.DefaultScriptEvaluatorFactory as ValidatorFactory-scoped script evaluator factory. 
2019:06:03 14:40:52.921 INFO  --- [restartedMain] o.s.s.c.ThreadPoolTaskExecutor : Initializing ExecutorService 'applicationTaskExecutor' 
2019:06:03 14:40:52.993 INFO  --- [restartedMain] o.s.b.a.w.s.WelcomePageHandlerMapping : Adding welcome page template: index 
2019:06:03 14:40:53.090 INFO  --- [restartedMain] o.a.coyote.http11.Http11NioProtocol : Starting ProtocolHandler ["http-nio-8080"] 
2019:06:03 14:40:53.116 INFO  --- [restartedMain] o.s.b.w.e.tomcat.TomcatWebServer : Tomcat started on port(s): 8080 (http) with context path '/apple' 
2019:06:03 14:40:53.119 INFO  --- [restartedMain] org.godseop.apple.AppleApplication : Started AppleApplication in 3.303 seconds (JVM running for 4.152) 
